<?xml version="1.0" encoding="UTF-8"?>
<!-- Generated by org.testng.reporters.JUnitReportReporter -->
<testsuite hostname="Biz4sol-lpt33" failures="0" tests="2" name="Cucumber.TestNGTestRunner" time="15.492" errors="0" timestamp="2024-09-08T14:35:59 IST" skipped="0">
  <testcase classname="Cucumber.TestNGTestRunner" name="runScenario" time="9.503"/>
  <system-out/>
  <testcase classname="Cucumber.TestNGTestRunner" name="runScenario" time="5.989"/>
  <system-out/>
</testsuite> <!-- Cucumber.TestNGTestRunner -->
