<?xml version="1.0" encoding="UTF-8"?>
<!-- Generated by org.testng.reporters.JUnitReportReporter -->
<testsuite hostname="Biz4sol-lpt33" failures="0" tests="1" name="automation.TestCases.ErrorValidations" time="11.753" errors="0" timestamp="2024-09-07T16:58:27 IST" skipped="0">
  <testcase classname="automation.TestCases.ErrorValidations" name="ErrormsgValidations" time="11.753"/>
  <system-out/>
</testsuite> <!-- automation.TestCases.ErrorValidations -->
